Using pre-set license
Built from '6000.0/release' branch; Version is '6000.0.44f1 (101c91f3a8fb) revision 1055889'; Using compiler version '193933523'; Build Type 'Release'
OS: 'Windows 11  (10.0.26100) 64bit Core' Language: 'en' Physical Memory: 65211 MB
BatchMode: 1, IsHumanControllingUs: 0, StartBugReporterOnCrash: 0, Is64bit: 1, IsPro: 1

COMMAND LINE ARGUMENTS:
C:\Program Files\Unity\Hub\Editor\6000.0.44f1\Editor\Unity.exe
-adb2
-batchMode
-noUpm
-name
AssetImportWorker7
-projectPath
D:/Github/BeneathTheFog
-logFile
Logs/AssetImportWorker7.log
-srvPort
60814
-job-worker-count
7
-background-job-worker-count
8
-gc-helper-count
1
Successfully changed project path to: D:/Github/BeneathTheFog
D:/Github/BeneathTheFog
[UnityMemory] Configuration Parameters - Can be set up in boot.config
    "memorysetup-bucket-allocator-granularity=16"
    "memorysetup-bucket-allocator-bucket-count=8"
    "memorysetup-bucket-allocator-block-size=33554432"
    "memorysetup-bucket-allocator-block-count=8"
    "memorysetup-main-allocator-block-size=16777216"
    "memorysetup-thread-allocator-block-size=16777216"
    "memorysetup-gfx-main-allocator-block-size=16777216"
    "memorysetup-gfx-thread-allocator-block-size=16777216"
    "memorysetup-cache-allocator-block-size=4194304"
    "memorysetup-typetree-allocator-block-size=2097152"
    "memorysetup-profiler-bucket-allocator-granularity=16"
    "memorysetup-profiler-bucket-allocator-bucket-count=8"
    "memorysetup-profiler-bucket-allocator-block-size=33554432"
    "memorysetup-profiler-bucket-allocator-block-count=8"
    "memorysetup-profiler-allocator-block-size=16777216"
    "memorysetup-profiler-editor-allocator-block-size=1048576"
    "memorysetup-temp-allocator-size-main=16777216"
    "memorysetup-job-temp-allocator-block-size=2097152"
    "memorysetup-job-temp-allocator-block-size-background=1048576"
    "memorysetup-job-temp-allocator-reduction-small-platforms=262144"
    "memorysetup-allocator-temp-initial-block-size-main=262144"
    "memorysetup-allocator-temp-initial-block-size-worker=262144"
    "memorysetup-temp-allocator-size-background-worker=32768"
    "memorysetup-temp-allocator-size-job-worker=262144"
    "memorysetup-temp-allocator-size-preload-manager=33554432"
    "memorysetup-temp-allocator-size-nav-mesh-worker=65536"
    "memorysetup-temp-allocator-size-audio-worker=65536"
    "memorysetup-temp-allocator-size-cloud-worker=32768"
    "memorysetup-temp-allocator-size-gi-baking-worker=262144"
    "memorysetup-temp-allocator-size-gi-baking-worker=262144"
    "memorysetup-temp-allocator-size-gi-baking-worker=262144"
    "memorysetup-temp-allocator-size-gi-baking-worker=262144"
    "memorysetup-temp-allocator-size-gi-baking-worker=262144"
    "memorysetup-temp-allocator-size-gfx=262144"
Player connection [31772]  Target information:

Player connection [31772]  * "[IP] 172.20.3.251 [Port] 0 [Flags] 2 [Guid] 3330787639 [EditorId] 3330787639 [Version] 1048832 [Id] WindowsEditor(7,BattleStation) [Debug] 1 [PackageName] WindowsEditor [ProjectName] Editor" 

Player connection [31772] Host joined multi-casting on [225.0.0.222:54997]...
Player connection [31772] Host joined alternative multi-casting on [225.0.0.222:34997]...
JobSystem: Creating JobQueue using job-worker-count value 7
Input System module state changed to: Initialized.
[Physics::Module] Initialized fallback backend.
[Physics::Module] Id: 0xdecafbad
Library Redirect Path: Library/
[Physics::Module] Selected backend.
[Physics::Module] Name: PhysX
[Physics::Module] Id: 0xf2b8ea05
[Physics::Module] SDK Version: 4.1.2
[Physics::Module] Integration Version: 1.0.0
[Physics::Module] Threading Mode: Multi-Threaded
Refreshing native plugins compatible for Editor in 1.73 ms, found 4 plugins.
Preloading 0 native plugins for Editor in 0.00 ms.
Initialize engine version: 6000.0.44f1 (101c91f3a8fb)
[Subsystems] Discovering subsystems at path C:/Program Files/Unity/Hub/Editor/6000.0.44f1/Editor/Data/Resources/UnitySubsystems
[Subsystems] Discovering subsystems at path D:/Github/BeneathTheFog/Assets
GfxDevice: creating device client; kGfxThreadingModeNonThreaded
Direct3D:
    Version:  Direct3D 11.0 [level 11.1]
    Renderer: NVIDIA GeForce RTX 3070 (ID=0x2484)
    Vendor:   NVIDIA
    VRAM:     8018 MB
    Driver:   32.0.15.7216
Initialize mono
Mono path[0] = 'C:/Program Files/Unity/Hub/Editor/6000.0.44f1/Editor/Data/Managed'
Mono path[1] = 'C:/Program Files/Unity/Hub/Editor/6000.0.44f1/Editor/Data/MonoBleedingEdge/lib/mono/unityjit-win32'
Mono config path = 'C:/Program Files/Unity/Hub/Editor/6000.0.44f1/Editor/Data/MonoBleedingEdge/etc'
Using monoOptions --debugger-agent=transport=dt_socket,embedding=1,server=y,suspend=n,address=127.0.0.1:56312
Begin MonoManager ReloadAssembly
Registering precompiled unity dll's ...
Register platform support module: C:/Program Files/Unity/Hub/Editor/6000.0.44f1/Editor/Data/PlaybackEngines/WebGLSupport/UnityEditor.WebGL.Extensions.dll
Register platform support module: C:/Program Files/Unity/Hub/Editor/6000.0.44f1/Editor/Data/PlaybackEngines/WindowsStandaloneSupport/UnityEditor.WindowsStandalone.Extensions.dll
Register platform support module: C:/Program Files/Unity/Hub/Editor/6000.0.44f1/Editor/Data/PlaybackEngines/MetroSupport/UnityEditor.UWP.Extensions.dll
Registered in 0.004443 seconds.
- Loaded All Assemblies, in  0.415 seconds
Native extension for UWP target not found
Native extension for WindowsStandalone target not found
Native extension for WebGL target not found
Mono: successfully reloaded assembly
- Finished resetting the current domain, in  0.351 seconds
Domain Reload Profiling: 764ms
	BeginReloadAssembly (130ms)
		ExecutionOrderSort (0ms)
		DisableScriptedObjects (0ms)
		BackupInstance (0ms)
		ReleaseScriptingObjects (0ms)
		CreateAndSetChildDomain (1ms)
	RebuildCommonClasses (41ms)
	RebuildNativeTypeToScriptingClass (11ms)
	initialDomainReloadingComplete (54ms)
	LoadAllAssembliesAndSetupDomain (176ms)
		LoadAssemblies (126ms)
		RebuildTransferFunctionScriptingTraits (0ms)
		AnalyzeDomain (172ms)
			TypeCache.Refresh (170ms)
				TypeCache.ScanAssembly (156ms)
			BuildScriptInfoCaches (0ms)
			ResolveRequiredComponents (0ms)
	FinalizeReload (352ms)
		ReleaseScriptCaches (0ms)
		RebuildScriptCaches (0ms)
		SetupLoadedEditorAssemblies (300ms)
			LogAssemblyErrors (0ms)
			InitializePlatformSupportModulesInManaged (23ms)
			SetLoadedEditorAssemblies (4ms)
			BeforeProcessingInitializeOnLoad (55ms)
			ProcessInitializeOnLoadAttributes (161ms)
			ProcessInitializeOnLoadMethodAttributes (58ms)
			AfterProcessingInitializeOnLoad (0ms)
			EditorAssembliesLoaded (0ms)
		ExecutionOrderSort2 (0ms)
		AwakeInstancesAfterBackupRestoration (0ms)
========================================================================
Worker process is ready to serve import requests
Import Worker Mode flag is 0x00
Begin MonoManager ReloadAssembly
- Loaded All Assemblies, in  1.044 seconds
Refreshing native plugins compatible for Editor in 1.72 ms, found 4 plugins.
Native extension for UWP target not found
Native extension for WindowsStandalone target not found
Native extension for WebGL target not found
Mono: successfully reloaded assembly
- Finished resetting the current domain, in  1.203 seconds
Domain Reload Profiling: 2240ms
	BeginReloadAssembly (221ms)
		ExecutionOrderSort (0ms)
		DisableScriptedObjects (9ms)
		BackupInstance (0ms)
		ReleaseScriptingObjects (0ms)
		CreateAndSetChildDomain (38ms)
	RebuildCommonClasses (54ms)
	RebuildNativeTypeToScriptingClass (15ms)
	initialDomainReloadingComplete (54ms)
	LoadAllAssembliesAndSetupDomain (693ms)
		LoadAssemblies (444ms)
		RebuildTransferFunctionScriptingTraits (0ms)
		AnalyzeDomain (380ms)
			TypeCache.Refresh (282ms)
				TypeCache.ScanAssembly (258ms)
			BuildScriptInfoCaches (74ms)
			ResolveRequiredComponents (18ms)
	FinalizeReload (1204ms)
		ReleaseScriptCaches (0ms)
		RebuildScriptCaches (0ms)
		SetupLoadedEditorAssemblies (1015ms)
			LogAssemblyErrors (0ms)
			InitializePlatformSupportModulesInManaged (4ms)
			SetLoadedEditorAssemblies (6ms)
			BeforeProcessingInitializeOnLoad (143ms)
			ProcessInitializeOnLoadAttributes (714ms)
			ProcessInitializeOnLoadMethodAttributes (139ms)
			AfterProcessingInitializeOnLoad (8ms)
			EditorAssembliesLoaded (0ms)
		ExecutionOrderSort2 (0ms)
		AwakeInstancesAfterBackupRestoration (10ms)
Launched and connected shader compiler UnityShaderCompiler.exe after 0.02 seconds
Refreshing native plugins compatible for Editor in 3.16 ms, found 4 plugins.
Preloading 0 native plugins for Editor in 0.00 ms.
Unloading 227 Unused Serialized files (Serialized files now loaded: 0)
Unloading 6764 unused Assets / (4.6 MB). Loaded Objects now: 7483.
Memory consumption went from 181.5 MB to 176.9 MB.
Total: 22.540400 ms (FindLiveObjects: 1.148700 ms CreateObjectMapping: 3.965900 ms MarkObjects: 11.739900 ms  DeleteObjects: 5.683800 ms)

========================================================================
Received Import Request.
  Time since last request: 683975.699189 seconds.
  path: Assets/Tilesets/TilesetFloor_102.asset
  artifactKey: Guid(7b1f9dc4d92b6704099aacf9c4bd8453) Importer(815301076,1909f56bfc062723c751e8b465ee728b)
Start importing Assets/Tilesets/TilesetFloor_102.asset using Guid(7b1f9dc4d92b6704099aacf9c4bd8453) Importer(815301076,1909f56bfc062723c751e8b465ee728b) (PreviewImporter) -> (artifact id: 'f2c845d0881b38a443c2fabe9ec9dec2') in 0.2587167 seconds
Number of updated asset objects reloaded before import = 0Number of asset objects unloaded after import = 3

========================================================================
Received Import Request.
  Time since last request: 0.000044 seconds.
  path: Assets/Tilesets/TilesetFloor_108.asset
  artifactKey: Guid(d02d306397838c541af188f653c9f9f8) Importer(815301076,1909f56bfc062723c751e8b465ee728b)
Start importing Assets/Tilesets/TilesetFloor_108.asset using Guid(d02d306397838c541af188f653c9f9f8) Importer(815301076,1909f56bfc062723c751e8b465ee728b) (PreviewImporter) -> (artifact id: '0bdf377d44b29b9871abd3a62bdc4a5e') in 0.0213158 seconds
Number of updated asset objects reloaded before import = 0Number of asset objects unloaded after import = 3

========================================================================
Received Import Request.
  Time since last request: 0.000053 seconds.
  path: Assets/Tilesets/TilesetFloor_118.asset
  artifactKey: Guid(b3e546491d568b64f8f151b629526a7b) Importer(815301076,1909f56bfc062723c751e8b465ee728b)
Start importing Assets/Tilesets/TilesetFloor_118.asset using Guid(b3e546491d568b64f8f151b629526a7b) Importer(815301076,1909f56bfc062723c751e8b465ee728b) (PreviewImporter) -> (artifact id: 'aa7577bd8be830a92a5294c2061a241c') in 0.016726 seconds
Number of updated asset objects reloaded before import = 0Number of asset objects unloaded after import = 3

========================================================================
Received Import Request.
  Time since last request: 0.000021 seconds.
  path: Assets/Tilesets/TilesetFloor_100.asset
  artifactKey: Guid(ee66628d97adf094ca73ace45553cf3e) Importer(815301076,1909f56bfc062723c751e8b465ee728b)
Start importing Assets/Tilesets/TilesetFloor_100.asset using Guid(ee66628d97adf094ca73ace45553cf3e) Importer(815301076,1909f56bfc062723c751e8b465ee728b) (PreviewImporter) -> (artifact id: '826ea28915096965109ce2af8e9d0b39') in 0.0168592 seconds
Number of updated asset objects reloaded before import = 0Number of asset objects unloaded after import = 3

========================================================================
Received Import Request.
  Time since last request: 0.000021 seconds.
  path: Assets/Tilesets/TilesetFloor_119.asset
  artifactKey: Guid(71bb755841373e54898548fa03dd1010) Importer(815301076,1909f56bfc062723c751e8b465ee728b)
Start importing Assets/Tilesets/TilesetFloor_119.asset using Guid(71bb755841373e54898548fa03dd1010) Importer(815301076,1909f56bfc062723c751e8b465ee728b) (PreviewImporter) -> (artifact id: '557cfcda879c4699794dbc160f5b2397') in 0.0161084 seconds
Number of updated asset objects reloaded before import = 0Number of asset objects unloaded after import = 3

========================================================================
Received Import Request.
  Time since last request: 0.000024 seconds.
  path: Assets/Tilesets/TilesetFloor_115.asset
  artifactKey: Guid(1ad97fe0a53552d4abea9b16efcf0e77) Importer(815301076,1909f56bfc062723c751e8b465ee728b)
Start importing Assets/Tilesets/TilesetFloor_115.asset using Guid(1ad97fe0a53552d4abea9b16efcf0e77) Importer(815301076,1909f56bfc062723c751e8b465ee728b) (PreviewImporter) -> (artifact id: '6502d22a0665949d89b3bbb60e8e942c') in 0.0148784 seconds
Number of updated asset objects reloaded before import = 0Number of asset objects unloaded after import = 3

========================================================================
Received Import Request.
  Time since last request: 0.000027 seconds.
  path: Assets/Tilesets/TilesetFloor_80.asset
  artifactKey: Guid(ec547f5272de05847b8843c1ebaa57cc) Importer(815301076,1909f56bfc062723c751e8b465ee728b)
Start importing Assets/Tilesets/TilesetFloor_80.asset using Guid(ec547f5272de05847b8843c1ebaa57cc) Importer(815301076,1909f56bfc062723c751e8b465ee728b) (PreviewImporter) -> (artifact id: '6fc793c4d893d5a29c70c5dd4c783b2b') in 0.0150525 seconds
Number of updated asset objects reloaded before import = 0Number of asset objects unloaded after import = 3

========================================================================
Received Import Request.
  Time since last request: 0.000026 seconds.
  path: Assets/Tilesets/TilesetFloor_48.asset
  artifactKey: Guid(eaae6184f458d534299b8a3f747ce8b4) Importer(815301076,1909f56bfc062723c751e8b465ee728b)
Start importing Assets/Tilesets/TilesetFloor_48.asset using Guid(eaae6184f458d534299b8a3f747ce8b4) Importer(815301076,1909f56bfc062723c751e8b465ee728b) (PreviewImporter) -> (artifact id: '135c8ca85667e6e731aead58b264684f') in 0.0136822 seconds
Number of updated asset objects reloaded before import = 0Number of asset objects unloaded after import = 3

========================================================================
Received Import Request.
  Time since last request: 0.000030 seconds.
  path: Assets/Tilesets/TilesetFloor_69.asset
  artifactKey: Guid(bba952275f77bbc4088986dba81fcd3e) Importer(815301076,1909f56bfc062723c751e8b465ee728b)
Start importing Assets/Tilesets/TilesetFloor_69.asset using Guid(bba952275f77bbc4088986dba81fcd3e) Importer(815301076,1909f56bfc062723c751e8b465ee728b) (PreviewImporter) -> (artifact id: 'd15117f1dd15f1d2ebcaaf93960777e5') in 0.012831 seconds
Number of updated asset objects reloaded before import = 0Number of asset objects unloaded after import = 3

========================================================================
Received Import Request.
  Time since last request: 0.000021 seconds.
  path: Assets/Tilesets/TilesetFloor_94.asset
  artifactKey: Guid(45eba2aff0b964b4580aadfa8b4fd05a) Importer(815301076,1909f56bfc062723c751e8b465ee728b)
Start importing Assets/Tilesets/TilesetFloor_94.asset using Guid(45eba2aff0b964b4580aadfa8b4fd05a) Importer(815301076,1909f56bfc062723c751e8b465ee728b) (PreviewImporter) -> (artifact id: '37e6c90ec31ee784f1126c3e018f8730') in 0.0132098 seconds
Number of updated asset objects reloaded before import = 0Number of asset objects unloaded after import = 3

========================================================================
Received Import Request.
  Time since last request: 0.000019 seconds.
  path: Assets/Tilesets/TilesetFloor_114.asset
  artifactKey: Guid(29b39c3e04bea0645b9421269fb80d24) Importer(815301076,1909f56bfc062723c751e8b465ee728b)
Start importing Assets/Tilesets/TilesetFloor_114.asset using Guid(29b39c3e04bea0645b9421269fb80d24) Importer(815301076,1909f56bfc062723c751e8b465ee728b) (PreviewImporter) -> (artifact id: '8f282d65632c7f495d4ea3af24d69167') in 0.0136746 seconds
Number of updated asset objects reloaded before import = 0Number of asset objects unloaded after import = 3

========================================================================
Received Import Request.
  Time since last request: 0.000019 seconds.
  path: Assets/Tilesets/TilesetFloor_106.asset
  artifactKey: Guid(84d57dd72e18a0442bfb01b61eafaeb6) Importer(815301076,1909f56bfc062723c751e8b465ee728b)
Start importing Assets/Tilesets/TilesetFloor_106.asset using Guid(84d57dd72e18a0442bfb01b61eafaeb6) Importer(815301076,1909f56bfc062723c751e8b465ee728b) (PreviewImporter) -> (artifact id: 'c326e657b5087811724c3ccc25893be0') in 0.0138672 seconds
Number of updated asset objects reloaded before import = 0Number of asset objects unloaded after import = 3

========================================================================
Received Import Request.
  Time since last request: 0.000018 seconds.
  path: Assets/Tilesets/TilesetFloor_116.asset
  artifactKey: Guid(f53a8e8bbbf54c746a78850af7757b25) Importer(815301076,1909f56bfc062723c751e8b465ee728b)
Start importing Assets/Tilesets/TilesetFloor_116.asset using Guid(f53a8e8bbbf54c746a78850af7757b25) Importer(815301076,1909f56bfc062723c751e8b465ee728b) (PreviewImporter) -> (artifact id: '17b5b17f7f9b411b8787496e4781a4e8') in 0.014121 seconds
Number of updated asset objects reloaded before import = 0Number of asset objects unloaded after import = 3

========================================================================
Received Import Request.
  Time since last request: 0.000028 seconds.
  path: Assets/Tilesets/TilesetFloor_81.asset
  artifactKey: Guid(cb339c153d7f80248b1ac321900bf396) Importer(815301076,1909f56bfc062723c751e8b465ee728b)
Start importing Assets/Tilesets/TilesetFloor_81.asset using Guid(cb339c153d7f80248b1ac321900bf396) Importer(815301076,1909f56bfc062723c751e8b465ee728b) (PreviewImporter) -> (artifact id: 'e4a608e4eaaaf3039fad9ed63e9c0689') in 0.013999 seconds
Number of updated asset objects reloaded before import = 0Number of asset objects unloaded after import = 3

========================================================================
Received Import Request.
  Time since last request: 0.000033 seconds.
  path: Assets/Tilesets/TilesetFloor_110.asset
  artifactKey: Guid(6e956bebd2a7b514986be745780c4068) Importer(815301076,1909f56bfc062723c751e8b465ee728b)
Start importing Assets/Tilesets/TilesetFloor_110.asset using Guid(6e956bebd2a7b514986be745780c4068) Importer(815301076,1909f56bfc062723c751e8b465ee728b) (PreviewImporter) -> (artifact id: 'c82ac5bcd163b196cbfa6b1c330dc267') in 0.0136414 seconds
Number of updated asset objects reloaded before import = 0Number of asset objects unloaded after import = 3

========================================================================
Received Import Request.
  Time since last request: 0.000021 seconds.
  path: Assets/Tilesets/TilesetFloor_123.asset
  artifactKey: Guid(c372841ef40a40d4a96e0db57d9c6c68) Importer(815301076,1909f56bfc062723c751e8b465ee728b)
Start importing Assets/Tilesets/TilesetFloor_123.asset using Guid(c372841ef40a40d4a96e0db57d9c6c68) Importer(815301076,1909f56bfc062723c751e8b465ee728b) (PreviewImporter) -> (artifact id: '9dfc7d683ad4807fa89fe05892c89126') in 0.9991891 seconds
Number of updated asset objects reloaded before import = 0Number of asset objects unloaded after import = 3

========================================================================
Received Import Request.
  Time since last request: 0.000022 seconds.
  path: Assets/Tilesets/TilesetFloor_150.asset
  artifactKey: Guid(e3f189af8e090a44c984069a720ad80f) Importer(815301076,1909f56bfc062723c751e8b465ee728b)
Start importing Assets/Tilesets/TilesetFloor_150.asset using Guid(e3f189af8e090a44c984069a720ad80f) Importer(815301076,1909f56bfc062723c751e8b465ee728b) (PreviewImporter) -> (artifact id: '70324a3361cce4627d6714bbfd077101') in 0.0136593 seconds
Number of updated asset objects reloaded before import = 0Number of asset objects unloaded after import = 3

========================================================================
Received Import Request.
  Time since last request: 0.000039 seconds.
  path: Assets/Tilesets/TilesetFloor_149.asset
  artifactKey: Guid(a8a1d133921c61045baeed893c92623a) Importer(815301076,1909f56bfc062723c751e8b465ee728b)
Start importing Assets/Tilesets/TilesetFloor_149.asset using Guid(a8a1d133921c61045baeed893c92623a) Importer(815301076,1909f56bfc062723c751e8b465ee728b) (PreviewImporter) -> (artifact id: '8f6d4ef3635398ab4ad0b302eb4f78e2') in 0.0143238 seconds
Number of updated asset objects reloaded before import = 0Number of asset objects unloaded after import = 3

========================================================================
Received Import Request.
  Time since last request: 0.000017 seconds.
  path: Assets/Tilesets/TilesetFloor_125.asset
  artifactKey: Guid(cc264329761e06244af480793d526dde) Importer(815301076,1909f56bfc062723c751e8b465ee728b)
Start importing Assets/Tilesets/TilesetFloor_125.asset using Guid(cc264329761e06244af480793d526dde) Importer(815301076,1909f56bfc062723c751e8b465ee728b) (PreviewImporter) -> (artifact id: 'b9b12a93cdab46ba50709f355ae14be9') in 0.0154603 seconds
Number of updated asset objects reloaded before import = 0Number of asset objects unloaded after import = 3

========================================================================
Received Import Request.
  Time since last request: 0.000018 seconds.
  path: Assets/Tilesets/TilesetFloor_137.asset
  artifactKey: Guid(b2a483cbb1212d54f9b2a73855084c99) Importer(815301076,1909f56bfc062723c751e8b465ee728b)
Start importing Assets/Tilesets/TilesetFloor_137.asset using Guid(b2a483cbb1212d54f9b2a73855084c99) Importer(815301076,1909f56bfc062723c751e8b465ee728b) (PreviewImporter) -> (artifact id: '6817dfb3d02404169b866594b04cec9f') in 0.0117517 seconds
Number of updated asset objects reloaded before import = 0Number of asset objects unloaded after import = 3

========================================================================
Received Import Request.
  Time since last request: 0.000019 seconds.
  path: Assets/Tilesets/TilesetFloor_128.asset
  artifactKey: Guid(bf5a7549ac227fb49a6dbfcc2bc8e1dc) Importer(815301076,1909f56bfc062723c751e8b465ee728b)
Start importing Assets/Tilesets/TilesetFloor_128.asset using Guid(bf5a7549ac227fb49a6dbfcc2bc8e1dc) Importer(815301076,1909f56bfc062723c751e8b465ee728b) (PreviewImporter) -> (artifact id: 'de02031289b42e222f3197410f093e23') in 0.0142363 seconds
Number of updated asset objects reloaded before import = 0Number of asset objects unloaded after import = 3

========================================================================
Received Import Request.
  Time since last request: 0.000016 seconds.
  path: Assets/Tilesets/TilesetFloor_141.asset
  artifactKey: Guid(d77cee447cf52a047a70010a9bcdb7e1) Importer(815301076,1909f56bfc062723c751e8b465ee728b)
Start importing Assets/Tilesets/TilesetFloor_141.asset using Guid(d77cee447cf52a047a70010a9bcdb7e1) Importer(815301076,1909f56bfc062723c751e8b465ee728b) (PreviewImporter) -> (artifact id: '81e6883452f4be57792b22a33e2e5358') in 0.0140846 seconds
Number of updated asset objects reloaded before import = 0Number of asset objects unloaded after import = 3

========================================================================
Received Import Request.
  Time since last request: 0.000020 seconds.
  path: Assets/Tilesets/TilesetFloor_131.asset
  artifactKey: Guid(711bff75cc5f56b4382cde2219a41a89) Importer(815301076,1909f56bfc062723c751e8b465ee728b)
Start importing Assets/Tilesets/TilesetFloor_131.asset using Guid(711bff75cc5f56b4382cde2219a41a89) Importer(815301076,1909f56bfc062723c751e8b465ee728b) (PreviewImporter) -> (artifact id: '42ec95b5de7e0bfccdaa1d146bf16955') in 0.0153708 seconds
Number of updated asset objects reloaded before import = 0Number of asset objects unloaded after import = 3

========================================================================
Received Import Request.
  Time since last request: 0.000024 seconds.
  path: Assets/Tilesets/TilesetFloor_52.asset
  artifactKey: Guid(323a532ddf9044844ba89edc25f48a7c) Importer(815301076,1909f56bfc062723c751e8b465ee728b)
Start importing Assets/Tilesets/TilesetFloor_52.asset using Guid(323a532ddf9044844ba89edc25f48a7c) Importer(815301076,1909f56bfc062723c751e8b465ee728b) (PreviewImporter) -> (artifact id: 'd1df0d403ccc8c984e329f9637c432c9') in 0.0151055 seconds
Number of updated asset objects reloaded before import = 0Number of asset objects unloaded after import = 3

========================================================================
Received Import Request.
  Time since last request: 0.000019 seconds.
  path: Assets/Tilesets/TilesetFloor_76.asset
  artifactKey: Guid(614d25a2bdfc0754fb013b124d49e6f3) Importer(815301076,1909f56bfc062723c751e8b465ee728b)
Start importing Assets/Tilesets/TilesetFloor_76.asset using Guid(614d25a2bdfc0754fb013b124d49e6f3) Importer(815301076,1909f56bfc062723c751e8b465ee728b) (PreviewImporter) -> (artifact id: '00684568b41c954123ba17919cac2be1') in 0.0150574 seconds
Number of updated asset objects reloaded before import = 0Number of asset objects unloaded after import = 3

========================================================================
Received Import Request.
  Time since last request: 0.000021 seconds.
  path: Assets/Tilesets/TilesetFloor_88.asset
  artifactKey: Guid(d68c6b655bfebfc42bd4cca43900bb70) Importer(815301076,1909f56bfc062723c751e8b465ee728b)
Start importing Assets/Tilesets/TilesetFloor_88.asset using Guid(d68c6b655bfebfc42bd4cca43900bb70) Importer(815301076,1909f56bfc062723c751e8b465ee728b) (PreviewImporter) -> (artifact id: 'd4ae9debc5c94586bd17fb8f60159947') in 0.0292532 seconds
Number of updated asset objects reloaded before import = 0Number of asset objects unloaded after import = 3

========================================================================
Received Import Request.
  Time since last request: 0.000016 seconds.
  path: Assets/Tilesets/TilesetFloor_58.asset
  artifactKey: Guid(76e14fe2d3a084249a213c3c6deb5c47) Importer(815301076,1909f56bfc062723c751e8b465ee728b)
Start importing Assets/Tilesets/TilesetFloor_58.asset using Guid(76e14fe2d3a084249a213c3c6deb5c47) Importer(815301076,1909f56bfc062723c751e8b465ee728b) (PreviewImporter) -> (artifact id: '2a33b38ef12c22b79e117ab21e229f88') in 0.0116603 seconds
Number of updated asset objects reloaded before import = 0Number of asset objects unloaded after import = 3

Editor requested this worker to shutdown with reason: Scaling down because of idle timeout
AssetImportWorker is now disconnected from the server
Process exiting
Exiting without the bug reporter. Application will terminate with return code 0